<?xml version="1.0" encoding="UTF-8"?>
<!-- Generated by org.testng.reporters.JUnitReportReporter -->
<testsuite hostname="WarMachine" failures="0" tests="2" name="tests.LoginPageTest" time="0.363" errors="0" timestamp="2025-02-18T23:06:44 IST" skipped="0">
  <testcase classname="tests.LoginPageTest" name="testURL" time="0.010"/>
  <system-out/>
  <testcase classname="tests.LoginPageTest" name="Login_Manager" time="0.353"/>
  <system-out/>
</testsuite> <!-- tests.LoginPageTest -->
