<?xml version="1.0" encoding="UTF-8"?>
<!-- Generated by org.testng.reporters.JUnitReportReporter -->
<testsuite hostname="WarMachine" failures="0" tests="1" name="tests.LoginPageTest" time="0.017" errors="0" timestamp="2025-02-18T22:21:42 IST" skipped="0">
  <testcase classname="tests.LoginPageTest" name="testURL" time="0.017"/>
  <system-out/>
</testsuite> <!-- tests.LoginPageTest -->
