<?xml version="1.0" encoding="UTF-8"?>
<!-- Generated by org.testng.reporters.JUnitReportReporter -->
<testsuite hostname="WarMachine" failures="0" tests="3" name="tests.LoginPageTest" time="5.813" errors="0" timestamp="2025-02-19T01:03:21 IST" skipped="0">
  <testcase classname="tests.LoginPageTest" name="testURL" time="0.012"/>
  <system-out/>
  <testcase classname="tests.LoginPageTest" name="Login_Manager" time="5.512"/>
  <system-out/>
  <testcase classname="tests.LoginPageTest" name="forgotPass" time="0.289"/>
  <system-out/>
</testsuite> <!-- tests.LoginPageTest -->
